<?xml version="1.0" encoding="UTF-8"?>
<testng-results ignored="0" total="1" passed="1" failed="0" skipped="0">
  <reporter-output>
  </reporter-output>
  <suite started-at="2021-06-02T03:17:14 IST" name="Default suite" finished-at="2021-06-02T03:17:20 IST" duration-ms="6176">
    <groups>
    </groups>
    <test started-at="2021-06-02T03:17:14 IST" name="Default test" finished-at="2021-06-02T03:17:20 IST" duration-ms="6176">
      <class name="Activity1">
        <test-method is-config="true" signature="initiateDriver()[pri:0, instance:Activity1@d6e7bab]" started-at="2021-06-02T03:17:14 IST" name="initiateDriver" finished-at="2021-06-02T03:17:20 IST" duration-ms="5768" status="PASS">
          <reporter-output>
          </reporter-output>
        </test-method> <!-- initiateDriver -->
        <test-method signature="add()[pri:0, instance:Activity1@d6e7bab]" started-at="2021-06-02T03:17:20 IST" name="add" finished-at="2021-06-02T03:17:20 IST" duration-ms="6" status="PASS">
          <reporter-output>
          </reporter-output>
        </test-method> <!-- add -->
        <test-method is-config="true" signature="quitdriver()[pri:0, instance:Activity1@d6e7bab]" started-at="2021-06-02T03:17:20 IST" name="quitdriver" finished-at="2021-06-02T03:17:20 IST" duration-ms="371" status="PASS">
          <reporter-output>
          </reporter-output>
        </test-method> <!-- quitdriver -->
      </class> <!-- Activity1 -->
    </test> <!-- Default test -->
  </suite> <!-- Default suite -->
</testng-results>
